<?xml version="1.0" encoding="UTF-8"?>
<!-- Generated by org.testng.reporters.JUnitXMLReporter -->
<testsuite ignored="0" hostname="DESKTOP-H96QHDE" failures="3" tests="3" name="Test" time="27.75" errors="0" timestamp="2025-06-17T20:17:49 IST">
  <testcase classname="testscripts.AdminUserTest" name="verifyAbleToCreateNewAdminUser" time="0.806">
    <failure type="org.apache.poi.EmptyFileException" message="The supplied file was empty (zero bytes long)">
      <![CDATA[org.apache.poi.EmptyFileException: The supplied file was empty (zero bytes long)
at org.apache.poi.util.IOUtils.peekFirstNBytes(IOUtils.java:144)
at org.apache.poi.poifs.filesystem.FileMagic.valueOf(FileMagic.java:209)
at org.apache.poi.openxml4j.opc.internal.ZipHelper.verifyZipHeader(ZipHelper.java:143)
at org.apache.poi.openxml4j.opc.internal.ZipHelper.openZipStream(ZipHelper.java:175)
at org.apache.poi.openxml4j.opc.ZipPackage.<init>(ZipPackage.java:130)
at org.apache.poi.openxml4j.opc.OPCPackage.open(OPCPackage.java:319)
at org.apache.poi.ooxml.util.PackageHelper.open(PackageHelper.java:59)
at org.apache.poi.xssf.usermodel.XSSFWorkbook.<init>(XSSFWorkbook.java:290)
at org.apache.poi.xssf.usermodel.XSSFWorkbook.<init>(XSSFWorkbook.java:286)
at utilities.ExcelUtility.getStringData(ExcelUtility.java:23)
at testscripts.AdminUserTest.verifyAbleToCreateNewAdminUser(AdminUserTest.java:17)
at java.base/java.util.concurrent.ThreadPoolExecutor.runWorker(ThreadPoolExecutor.java:1136)
at java.base/java.util.concurrent.ThreadPoolExecutor$Worker.run(ThreadPoolExecutor.java:635)
at java.base/java.lang.Thread.run(Thread.java:842)
... Removed 12 stack frames]]>
    </failure>
  </testcase> <!-- verifyAbleToCreateNewAdminUser -->
  <testcase classname="testscripts.LoginTest" name="verifyTheUserIsAbleToLoginUsingValidCredential" time="0.228">
    <failure type="org.apache.poi.openxml4j.exceptions.NotOfficeXmlFileException" message="No valid entries or contents found, this is not a valid OOXML (Office Open XML) file">
      <![CDATA[org.apache.poi.openxml4j.exceptions.NotOfficeXmlFileException: No valid entries or contents found, this is not a valid OOXML (Office Open XML) file
at org.apache.poi.openxml4j.util.ZipArchiveThresholdInputStream.getNextEntry(ZipArchiveThresholdInputStream.java:156)
at org.apache.poi.openxml4j.util.ZipInputStreamZipEntrySource.<init>(ZipInputStreamZipEntrySource.java:94)
at org.apache.poi.openxml4j.opc.ZipPackage.<init>(ZipPackage.java:132)
at org.apache.poi.openxml4j.opc.OPCPackage.open(OPCPackage.java:319)
at org.apache.poi.ooxml.util.PackageHelper.open(PackageHelper.java:59)
at org.apache.poi.xssf.usermodel.XSSFWorkbook.<init>(XSSFWorkbook.java:290)
at org.apache.poi.xssf.usermodel.XSSFWorkbook.<init>(XSSFWorkbook.java:286)
at utilities.ExcelUtility.getStringData(ExcelUtility.java:23)
at testscripts.LoginTest.verifyTheUserIsAbleToLoginUsingValidCredential(LoginTest.java:19)
at java.base/java.util.concurrent.ThreadPoolExecutor.runWorker(ThreadPoolExecutor.java:1136)
at java.base/java.util.concurrent.ThreadPoolExecutor$Worker.run(ThreadPoolExecutor.java:635)
at java.base/java.lang.Thread.run(Thread.java:842)
Caused by: java.util.zip.ZipException: Unexpected record signature: 0X1C2B1F70
at org.apache.commons.compress.archivers.zip.ZipArchiveInputStream.getNextZipEntry(ZipArchiveInputStream.java:296)
at org.apache.poi.openxml4j.util.ZipArchiveThresholdInputStream.getNextEntry(ZipArchiveThresholdInputStream.java:152)
... 23 more
... Removed 12 stack frames]]>
    </failure>
  </testcase> <!-- verifyTheUserIsAbleToLoginUsingValidCredential -->
  <testcase classname="testscripts.ManageNewsTest" name="verifyUserIsAbleToEnterTheNews" time="0.396">
    <failure type="java.io.IOException" message="Stream Closed">
      <![CDATA[java.io.IOException: Stream Closed
at java.base/java.io.FileInputStream.available0(Native Method)
at java.base/java.io.FileInputStream.available(FileInputStream.java:415)
at java.base/java.io.BufferedInputStream.read(BufferedInputStream.java:351)
at java.base/java.io.FilterInputStream.read(FilterInputStream.java:132)
at java.base/java.io.PushbackInputStream.read(PushbackInputStream.java:182)
at java.base/java.io.FilterInputStream.read(FilterInputStream.java:106)
at org.apache.commons.compress.archivers.zip.ZipArchiveInputStream.fill(ZipArchiveInputStream.java:861)
at org.apache.commons.compress.archivers.zip.ZipArchiveInputStream.readFromInflater(ZipArchiveInputStream.java:650)
at org.apache.commons.compress.archivers.zip.ZipArchiveInputStream.readDeflated(ZipArchiveInputStream.java:625)
at org.apache.commons.compress.archivers.zip.ZipArchiveInputStream.read(ZipArchiveInputStream.java:528)
at java.base/java.io.FilterInputStream.read(FilterInputStream.java:132)
at org.apache.poi.openxml4j.util.ZipArchiveThresholdInputStream.read(ZipArchiveThresholdInputStream.java:80)
at org.apache.poi.util.IOUtils.toByteArray(IOUtils.java:240)
at org.apache.poi.util.IOUtils.toByteArray(IOUtils.java:203)
at org.apache.poi.openxml4j.util.ZipArchiveFakeEntry.<init>(ZipArchiveFakeEntry.java:82)
at org.apache.poi.openxml4j.util.ZipInputStreamZipEntrySource.<init>(ZipInputStreamZipEntrySource.java:98)
at org.apache.poi.openxml4j.opc.ZipPackage.<init>(ZipPackage.java:132)
at org.apache.poi.openxml4j.opc.OPCPackage.open(OPCPackage.java:319)
at org.apache.poi.ooxml.util.PackageHelper.open(PackageHelper.java:59)
at org.apache.poi.xssf.usermodel.XSSFWorkbook.<init>(XSSFWorkbook.java:290)
at org.apache.poi.xssf.usermodel.XSSFWorkbook.<init>(XSSFWorkbook.java:286)
at utilities.ExcelUtility.getStringData(ExcelUtility.java:23)
at testscripts.ManageNewsTest.verifyUserIsAbleToEnterTheNews(ManageNewsTest.java:21)
at java.base/java.util.concurrent.ThreadPoolExecutor.runWorker(ThreadPoolExecutor.java:1136)
at java.base/java.util.concurrent.ThreadPoolExecutor$Worker.run(ThreadPoolExecutor.java:635)
at java.base/java.lang.Thread.run(Thread.java:842)
... Removed 12 stack frames]]>
    </failure>
  </testcase> <!-- verifyUserIsAbleToEnterTheNews -->
</testsuite> <!-- Test -->
