<?xml version="1.0" encoding="UTF-8"?>
<testng-results ignored="0" total="1" passed="1" failed="0" skipped="0">
  <reporter-output>
  </reporter-output>
  <suite started-at="2025-06-20T05:52:03 IST" name="Suite" finished-at="2025-06-20T05:52:14 IST" duration-ms="10809">
    <groups>
    </groups>
    <test started-at="2025-06-20T05:52:03 IST" name="Test" finished-at="2025-06-20T05:52:14 IST" duration-ms="10809">
      <class name="testscripts.ManageNewsTest">
        <test-method is-config="true" signature="browserInitialisation(java.lang.String)[pri:0, instance:testscripts.ManageNewsTest@1f9f6368]" started-at="2025-06-20T05:52:03 IST" name="browserInitialisation" finished-at="2025-06-20T05:52:09 IST" duration-ms="6173" status="PASS">
          <params>
            <param index="0">
              <value>
                <![CDATA[chrome]]>
              </value>
            </param>
          </params>
          <reporter-output>
          </reporter-output>
        </test-method> <!-- browserInitialisation -->
        <test-method signature="verifyUserIsAbleToEnterTheNews()[pri:0, instance:testscripts.ManageNewsTest@1f9f6368]" started-at="2025-06-20T05:52:09 IST" name="verifyUserIsAbleToEnterTheNews" finished-at="2025-06-20T05:52:13 IST" duration-ms="4112" status="PASS">
          <reporter-output>
          </reporter-output>
        </test-method> <!-- verifyUserIsAbleToEnterTheNews -->
        <test-method is-config="true" signature="browserQuit(org.testng.ITestResult)[pri:0, instance:testscripts.ManageNewsTest@1f9f6368]" started-at="2025-06-20T05:52:13 IST" name="browserQuit" finished-at="2025-06-20T05:52:14 IST" duration-ms="419" status="PASS">
          <params>
            <param index="0">
              <value>
                <![CDATA[[TestResult name=verifyUserIsAbleToEnterTheNews status=SUCCESS method=ManageNewsTest.verifyUserIsAbleToEnterTheNews()[pri:0, instance:testscripts.ManageNewsTest@1f9f6368] output={null}]]]>
              </value>
            </param>
          </params>
          <reporter-output>
          </reporter-output>
        </test-method> <!-- browserQuit -->
      </class> <!-- testscripts.ManageNewsTest -->
    </test> <!-- Test -->
  </suite> <!-- Suite -->
</testng-results>
